


ARM Macro Assembler    Page 1 


    1 00000000         ;/******************************************************
                       ********************//**
    2 00000000         ; * @file     startup_LPC8xx.s
    3 00000000         ; * @brief    CMSIS Core Device Startup File for
    4 00000000         ; *           NXP LPC81x Device Series
    5 00000000         ; * @version  V1.10
    6 00000000         ; * @date     19. August 2014
    7 00000000         ; *
    8 00000000         ; * @note
    9 00000000         ; * Copyright (C) 2014 ARM Limited. All rights reserved.
                       
   10 00000000         ; *
   11 00000000         ; * @par
   12 00000000         ; * ARM Limited (ARM) is supplying this software for use
                        with Cortex-M
   13 00000000         ; * processor based microcontrollers.  This file can be 
                       freely distributed
   14 00000000         ; * within development tools that are supporting such AR
                       M based processors.
   15 00000000         ; *
   16 00000000         ; * @par
   17 00000000         ; * THIS SOFTWARE IS PROVIDED "AS IS".  NO WARRANTIES, W
                       HETHER EXPRESS, IMPLIED
   18 00000000         ; * OR STATUTORY, INCLUDING, BUT NOT LIMITED TO, IMPLIED
                        WARRANTIES OF
   19 00000000         ; * MERCHANTABILITY AND FITNESS FOR A PARTICULAR PURPOSE
                        APPLY TO THIS SOFTWARE.
   20 00000000         ; * ARM SHALL NOT, IN ANY CIRCUMSTANCES, BE LIABLE FOR S
                       PECIAL, INCIDENTAL, OR
   21 00000000         ; * CONSEQUENTIAL DAMAGES, FOR ANY REASON WHATSOEVER.
   22 00000000         ; *
   23 00000000         ; ******************************************************
                       ************************/
   24 00000000         
   25 00000000         ; *------- <<< Use Configuration Wizard in Context Menu 
                       >>> ------------------
   26 00000000         
   27 00000000         ; <h> Stack Configuration
   28 00000000         ;   <o> Stack Size (in Bytes) <0x0-0xFFFFFFFF:8>
   29 00000000         ; </h>
   30 00000000         
   31 00000000 00000200 
                       Stack_Size
                               EQU              0x00000200
   32 00000000         
   33 00000000                 AREA             STACK, NOINIT, READWRITE, ALIGN
=3
   34 00000000         Stack_Mem
                               SPACE            Stack_Size
   35 00000200         __initial_sp
   36 00000200         
   37 00000200         
   38 00000200         ; <h> Heap Configuration
   39 00000200         ;   <o>  Heap Size (in Bytes) <0x0-0xFFFFFFFF:8>
   40 00000200         ; </h>
   41 00000200         
   42 00000200 00000000 
                       Heap_Size
                               EQU              0x00000000



ARM Macro Assembler    Page 2 


   43 00000200         
   44 00000200                 AREA             HEAP, NOINIT, READWRITE, ALIGN=
3
   45 00000000         __heap_base
   46 00000000         Heap_Mem
                               SPACE            Heap_Size
   47 00000000         __heap_limit
   48 00000000         
   49 00000000         
   50 00000000                 PRESERVE8
   51 00000000                 THUMB
   52 00000000         
   53 00000000         
   54 00000000         ; Vector Table Mapped to Address 0 at Reset
   55 00000000         
   56 00000000                 AREA             RESET, DATA, READONLY
   57 00000000                 EXPORT           __Vectors
   58 00000000         
   59 00000000 00000000 
                       __Vectors
                               DCD              __initial_sp ; Top of Stack
   60 00000004 00000000        DCD              Reset_Handler ; Reset Handler
   61 00000008 00000000        DCD              NMI_Handler ; NMI Handler
   62 0000000C 00000000        DCD              HardFault_Handler ; Hard Fault 
                                                            Handler
   63 00000010 00000000        DCD              0           ; Reserved
   64 00000014 00000000        DCD              0           ; Reserved
   65 00000018 00000000        DCD              0           ; Reserved
   66 0000001C 00000000        DCD              0           ; Reserved
   67 00000020 00000000        DCD              0           ; Reserved
   68 00000024 00000000        DCD              0           ; Reserved
   69 00000028 00000000        DCD              0           ; Reserved
   70 0000002C 00000000        DCD              SVC_Handler ; SVCall Handler
   71 00000030 00000000        DCD              0           ; Reserved
   72 00000034 00000000        DCD              0           ; Reserved
   73 00000038 00000000        DCD              PendSV_Handler ; PendSV Handler
                                                            
   74 0000003C 00000000        DCD              SysTick_Handler 
                                                            ; SysTick Handler
   75 00000040         
   76 00000040         ; External Interrupts
   77 00000040 00000000        DCD              SPI0_IRQHandler ; 16+ 0  SPI0
   78 00000044 00000000        DCD              SPI1_IRQHandler ; 16+ 1  SPI1
   79 00000048 00000000        DCD              0           ; 16+ 2  Reserved
   80 0000004C 00000000        DCD              UART0_IRQHandler ; 16+ 3  UART0
                                                            
   81 00000050 00000000        DCD              UART1_IRQHandler ; 16+ 4  UART1
                                                            
   82 00000054 00000000        DCD              UART2_IRQHandler ; 16+ 5  UART2
                                                            
   83 00000058 00000000        DCD              0           ; 16+ 6  Reserved
   84 0000005C 00000000        DCD              0           ; 16+ 7  Reserved
   85 00000060 00000000        DCD              I2C_IRQHandler ; 16+ 8  I2C
   86 00000064 00000000        DCD              SCT_IRQHandler ; 16+ 9  State c
                                                            onfigurable timer
   87 00000068 00000000        DCD              MRT_IRQHandler ; 16+10  Multi-r
                                                            ate timer
   88 0000006C 00000000        DCD              CMP_IRQHandler ; 16+11  Analog 
                                                            comparator



ARM Macro Assembler    Page 3 


   89 00000070 00000000        DCD              WDT_IRQHandler ; 16+12  Windowe
                                                            d watchdog timer
   90 00000074 00000000        DCD              BOD_IRQHandler ; 16+13  BOD
   91 00000078 00000000        DCD              0           ; 16+14  Reserved
   92 0000007C 00000000        DCD              WKT_IRQHandler ; 16+15  Self wa
                                                            ke-up timer
   93 00000080 00000000        DCD              0           ; 16+16  Reserved
   94 00000084 00000000        DCD              0           ; 16+17  Reserved
   95 00000088 00000000        DCD              0           ; 16+18  Reserved
   96 0000008C 00000000        DCD              0           ; 16+19  Reserved
   97 00000090 00000000        DCD              0           ; 16+20  Reserved
   98 00000094 00000000        DCD              0           ; 16+21  Reserved
   99 00000098 00000000        DCD              0           ; 16+22  Reserved
  100 0000009C 00000000        DCD              0           ; 16+23  Reserved
  101 000000A0 00000000        DCD              PININT0_IRQHandler 
                                                            ; 16+24  PIO INT0
  102 000000A4 00000000        DCD              PININT1_IRQHandler 
                                                            ; 16+25  PIO INT1
  103 000000A8 00000000        DCD              PININT2_IRQHandler 
                                                            ; 16+26  PIO INT2
  104 000000AC 00000000        DCD              PININT3_IRQHandler 
                                                            ; 16+27  PIO INT3
  105 000000B0 00000000        DCD              PININT4_IRQHandler 
                                                            ; 16+28  PIO INT4
  106 000000B4 00000000        DCD              PININT5_IRQHandler 
                                                            ; 16+29  PIO INT5
  107 000000B8 00000000        DCD              PININT6_IRQHandler 
                                                            ; 16+30  PIO INT6
  108 000000BC 00000000        DCD              PININT7_IRQHandler 
                                                            ; 16+31  PIO INT7
  109 000000C0         
  110 000000C0         ; <h> Code Read Protection
  111 000000C0         ;   <o> Code Read Protection  <0xFFFFFFFF=>CRP Disabled
  112 000000C0         ;                             <0x12345678=>CRP Level 1
  113 000000C0         ;                             <0x87654321=>CRP Level 2
  114 000000C0         ;                             <0x43218765=>CRP Level 3 (
                       ARE YOU SURE?)
  115 000000C0         ;                             <0x4E697370=>NO ISP (ARE Y
                       OU SURE?)
  116 000000C0         ; </h>
  117 000000C0                 IF               :LNOT::DEF:NO_CRP
  118 000000C0                 AREA             |.ARM.__at_0x02FC|, CODE, READO
NLY
  119 00000000 FFFFFFFF        DCD              0xFFFFFFFF
  120 00000004                 ENDIF
  121 00000004         
  122 00000004                 AREA             |.text|, CODE, READONLY
  123 00000000         
  124 00000000         
  125 00000000         ; Reset Handler
  126 00000000         
  127 00000000         Reset_Handler
                               PROC
  128 00000000                 EXPORT           Reset_Handler             [WEAK
]
  129 00000000                 IMPORT           SystemInit
  130 00000000                 IMPORT           __main
  131 00000000 4807            LDR              R0, =SystemInit
  132 00000002 4780            BLX              R0



ARM Macro Assembler    Page 4 


  133 00000004 4807            LDR              R0, =__main
  134 00000006 4700            BX               R0
  135 00000008                 ENDP
  136 00000008         
  137 00000008         
  138 00000008         ; Dummy Exception Handlers (infinite loops which can be 
                       modified)
  139 00000008         ; now, under COMMON lpc8xx_nmi.c and lpc8xx_nmi.h, a rea
                       l NMI handler is created if NMI is enabled
  140 00000008         ; for particular peripheral.
  141 00000008         ;NMI_Handler     PROC
  142 00000008         ;                EXPORT  NMI_Handler               [WEAK
                       ]
  143 00000008         ;                B       .
  144 00000008         ;                ENDP
  146 00000008         HardFault_Handler
                               PROC
  147 00000008                 EXPORT           HardFault_Handler         [WEAK
]
  148 00000008 E7FE            B                .
  149 0000000A                 ENDP
  150 0000000A         SVC_Handler
                               PROC
  151 0000000A                 EXPORT           SVC_Handler               [WEAK
]
  152 0000000A E7FE            B                .
  153 0000000C                 ENDP
  154 0000000C         PendSV_Handler
                               PROC
  155 0000000C                 EXPORT           PendSV_Handler            [WEAK
]
  156 0000000C E7FE            B                .
  157 0000000E                 ENDP
  158 0000000E         SysTick_Handler
                               PROC
  159 0000000E                 EXPORT           SysTick_Handler           [WEAK
]
  160 0000000E E7FE            B                .
  161 00000010                 ENDP
  162 00000010         
  163 00000010         Default_Handler
                               PROC
  164 00000010         
  165 00000010                 EXPORT           NMI_Handler               [WEAK
]
  166 00000010                 EXPORT           SPI0_IRQHandler           [WEAK
]
  167 00000010                 EXPORT           SPI1_IRQHandler           [WEAK
]
  168 00000010                 EXPORT           UART0_IRQHandler          [WEAK
]
  169 00000010                 EXPORT           UART1_IRQHandler          [WEAK
]
  170 00000010                 EXPORT           UART2_IRQHandler          [WEAK
]
  171 00000010                 EXPORT           I2C_IRQHandler            [WEAK
]
  172 00000010                 EXPORT           SCT_IRQHandler            [WEAK
]



ARM Macro Assembler    Page 5 


  173 00000010                 EXPORT           MRT_IRQHandler            [WEAK
]
  174 00000010                 EXPORT           CMP_IRQHandler            [WEAK
]
  175 00000010                 EXPORT           WDT_IRQHandler            [WEAK
]
  176 00000010                 EXPORT           BOD_IRQHandler            [WEAK
]
  177 00000010         
  178 00000010                 EXPORT           WKT_IRQHandler            [WEAK
]
  179 00000010         
  180 00000010                 EXPORT           PININT0_IRQHandler      [WEAK]
  181 00000010                 EXPORT           PININT1_IRQHandler      [WEAK]
  182 00000010                 EXPORT           PININT2_IRQHandler      [WEAK]
  183 00000010                 EXPORT           PININT3_IRQHandler      [WEAK]
  184 00000010                 EXPORT           PININT4_IRQHandler      [WEAK]
  185 00000010                 EXPORT           PININT5_IRQHandler      [WEAK]
  186 00000010                 EXPORT           PININT6_IRQHandler      [WEAK]
  187 00000010                 EXPORT           PININT7_IRQHandler      [WEAK]
  188 00000010         
  189 00000010         NMI_Handler
  190 00000010         SPI0_IRQHandler
  191 00000010         SPI1_IRQHandler
  192 00000010         UART0_IRQHandler
  193 00000010         UART1_IRQHandler
  194 00000010         UART2_IRQHandler
  195 00000010         I2C_IRQHandler
  196 00000010         SCT_IRQHandler
  197 00000010         MRT_IRQHandler
  198 00000010         CMP_IRQHandler
  199 00000010         WDT_IRQHandler
  200 00000010         BOD_IRQHandler
  201 00000010         WKT_IRQHandler
  202 00000010         PININT0_IRQHandler
  203 00000010         PININT1_IRQHandler
  204 00000010         PININT2_IRQHandler
  205 00000010         PININT3_IRQHandler
  206 00000010         PININT4_IRQHandler
  207 00000010         PININT5_IRQHandler
  208 00000010         PININT6_IRQHandler
  209 00000010         PININT7_IRQHandler
  210 00000010         
  211 00000010 E7FE            B                .
  212 00000012         
  213 00000012                 ENDP
  214 00000012         
  215 00000012         
  216 00000012 00 00           ALIGN
  217 00000014         
  218 00000014         
  219 00000014         ; User Initial Stack & Heap
  220 00000014         
  221 00000014                 IF               :DEF:__MICROLIB
  228 00000014         
  229 00000014                 IMPORT           __use_two_region_memory
  230 00000014                 EXPORT           __user_initial_stackheap
  231 00000014         __user_initial_stackheap
  232 00000014         



ARM Macro Assembler    Page 6 


  233 00000014 4804            LDR              R0, =  Heap_Mem
  234 00000016 4905            LDR              R1, =(Stack_Mem + Stack_Size)
  235 00000018 4A03            LDR              R2, = (Heap_Mem +  Heap_Size)
  236 0000001A 4B05            LDR              R3, = Stack_Mem
  237 0000001C 4770            BX               LR
  238 0000001E         
  239 0000001E 00 00           ALIGN
  240 00000020         
  241 00000020                 ENDIF
  242 00000020         
  243 00000020         
  244 00000020                 END
              00000000 
              00000000 
              00000000 
              00000200 
              00000000 
Command Line: --debug --xref --diag_suppress=9931 --cpu=Cortex-M0+ --apcs=inter
work --depend=.\objects\startup_lpc8xx.d -o.\objects\startup_lpc8xx.o -ID:\Proj
ekty\Hodiny\program\RTE\_LPC812_BOARD_REV1 -I"C:\Program Files\ARM_KEIL\ARM\PAC
K\ARM\CMSIS\5.0.0\CMSIS\Include" -I"C:\Program Files\ARM_KEIL\ARM\PACK\Keil\LPC
800_DFP\1.3.0\Device\Include" --predefine="__EVAL SETA 1" --predefine="__UVISIO
N_VERSION SETA 522" --predefine="_RTE_ SETA 1" --predefine="LPC812M101JD20 SETA
 1" --list=.\listings\startup_lpc8xx.lst RTE\Device\LPC812M101JD20\startup_LPC8
xx.s



ARM Macro Assembler    Page 1 Alphabetic symbol ordering
Relocatable symbols

STACK 00000000

Symbol: STACK
   Definitions
      At line 33 in file RTE\Device\LPC812M101JD20\startup_LPC8xx.s
   Uses
      None
Comment: STACK unused
Stack_Mem 00000000

Symbol: Stack_Mem
   Definitions
      At line 34 in file RTE\Device\LPC812M101JD20\startup_LPC8xx.s
   Uses
      At line 234 in file RTE\Device\LPC812M101JD20\startup_LPC8xx.s
      At line 236 in file RTE\Device\LPC812M101JD20\startup_LPC8xx.s

__initial_sp 00000200

Symbol: __initial_sp
   Definitions
      At line 35 in file RTE\Device\LPC812M101JD20\startup_LPC8xx.s
   Uses
      At line 59 in file RTE\Device\LPC812M101JD20\startup_LPC8xx.s
Comment: __initial_sp used once
3 symbols



ARM Macro Assembler    Page 1 Alphabetic symbol ordering
Relocatable symbols

HEAP 00000000

Symbol: HEAP
   Definitions
      At line 44 in file RTE\Device\LPC812M101JD20\startup_LPC8xx.s
   Uses
      None
Comment: HEAP unused
Heap_Mem 00000000

Symbol: Heap_Mem
   Definitions
      At line 46 in file RTE\Device\LPC812M101JD20\startup_LPC8xx.s
   Uses
      At line 233 in file RTE\Device\LPC812M101JD20\startup_LPC8xx.s
      At line 235 in file RTE\Device\LPC812M101JD20\startup_LPC8xx.s

__heap_base 00000000

Symbol: __heap_base
   Definitions
      At line 45 in file RTE\Device\LPC812M101JD20\startup_LPC8xx.s
   Uses
      None
Comment: __heap_base unused
__heap_limit 00000000

Symbol: __heap_limit
   Definitions
      At line 47 in file RTE\Device\LPC812M101JD20\startup_LPC8xx.s
   Uses
      None
Comment: __heap_limit unused
4 symbols



ARM Macro Assembler    Page 1 Alphabetic symbol ordering
Relocatable symbols

RESET 00000000

Symbol: RESET
   Definitions
      At line 56 in file RTE\Device\LPC812M101JD20\startup_LPC8xx.s
   Uses
      None
Comment: RESET unused
__Vectors 00000000

Symbol: __Vectors
   Definitions
      At line 59 in file RTE\Device\LPC812M101JD20\startup_LPC8xx.s
   Uses
      At line 57 in file RTE\Device\LPC812M101JD20\startup_LPC8xx.s
Comment: __Vectors used once
2 symbols



ARM Macro Assembler    Page 1 Alphabetic symbol ordering
Relocatable symbols

.ARM.__at_0x02FC 00000000

Symbol: .ARM.__at_0x02FC
   Definitions
      At line 118 in file RTE\Device\LPC812M101JD20\startup_LPC8xx.s
   Uses
      None
Comment: .ARM.__at_0x02FC unused
1 symbol



ARM Macro Assembler    Page 1 Alphabetic symbol ordering
Relocatable symbols

.text 00000000

Symbol: .text
   Definitions
      At line 122 in file RTE\Device\LPC812M101JD20\startup_LPC8xx.s
   Uses
      None
Comment: .text unused
BOD_IRQHandler 00000010

Symbol: BOD_IRQHandler
   Definitions
      At line 200 in file RTE\Device\LPC812M101JD20\startup_LPC8xx.s
   Uses
      At line 90 in file RTE\Device\LPC812M101JD20\startup_LPC8xx.s
      At line 176 in file RTE\Device\LPC812M101JD20\startup_LPC8xx.s

CMP_IRQHandler 00000010

Symbol: CMP_IRQHandler
   Definitions
      At line 198 in file RTE\Device\LPC812M101JD20\startup_LPC8xx.s
   Uses
      At line 88 in file RTE\Device\LPC812M101JD20\startup_LPC8xx.s
      At line 174 in file RTE\Device\LPC812M101JD20\startup_LPC8xx.s

Default_Handler 00000010

Symbol: Default_Handler
   Definitions
      At line 163 in file RTE\Device\LPC812M101JD20\startup_LPC8xx.s
   Uses
      None
Comment: Default_Handler unused
HardFault_Handler 00000008

Symbol: HardFault_Handler
   Definitions
      At line 146 in file RTE\Device\LPC812M101JD20\startup_LPC8xx.s
   Uses
      At line 62 in file RTE\Device\LPC812M101JD20\startup_LPC8xx.s
      At line 147 in file RTE\Device\LPC812M101JD20\startup_LPC8xx.s

I2C_IRQHandler 00000010

Symbol: I2C_IRQHandler
   Definitions
      At line 195 in file RTE\Device\LPC812M101JD20\startup_LPC8xx.s
   Uses
      At line 85 in file RTE\Device\LPC812M101JD20\startup_LPC8xx.s
      At line 171 in file RTE\Device\LPC812M101JD20\startup_LPC8xx.s

MRT_IRQHandler 00000010

Symbol: MRT_IRQHandler
   Definitions
      At line 197 in file RTE\Device\LPC812M101JD20\startup_LPC8xx.s
   Uses
      At line 87 in file RTE\Device\LPC812M101JD20\startup_LPC8xx.s



ARM Macro Assembler    Page 2 Alphabetic symbol ordering
Relocatable symbols

      At line 173 in file RTE\Device\LPC812M101JD20\startup_LPC8xx.s

NMI_Handler 00000010

Symbol: NMI_Handler
   Definitions
      At line 189 in file RTE\Device\LPC812M101JD20\startup_LPC8xx.s
   Uses
      At line 61 in file RTE\Device\LPC812M101JD20\startup_LPC8xx.s
      At line 165 in file RTE\Device\LPC812M101JD20\startup_LPC8xx.s

PININT0_IRQHandler 00000010

Symbol: PININT0_IRQHandler
   Definitions
      At line 202 in file RTE\Device\LPC812M101JD20\startup_LPC8xx.s
   Uses
      At line 101 in file RTE\Device\LPC812M101JD20\startup_LPC8xx.s
      At line 180 in file RTE\Device\LPC812M101JD20\startup_LPC8xx.s

PININT1_IRQHandler 00000010

Symbol: PININT1_IRQHandler
   Definitions
      At line 203 in file RTE\Device\LPC812M101JD20\startup_LPC8xx.s
   Uses
      At line 102 in file RTE\Device\LPC812M101JD20\startup_LPC8xx.s
      At line 181 in file RTE\Device\LPC812M101JD20\startup_LPC8xx.s

PININT2_IRQHandler 00000010

Symbol: PININT2_IRQHandler
   Definitions
      At line 204 in file RTE\Device\LPC812M101JD20\startup_LPC8xx.s
   Uses
      At line 103 in file RTE\Device\LPC812M101JD20\startup_LPC8xx.s
      At line 182 in file RTE\Device\LPC812M101JD20\startup_LPC8xx.s

PININT3_IRQHandler 00000010

Symbol: PININT3_IRQHandler
   Definitions
      At line 205 in file RTE\Device\LPC812M101JD20\startup_LPC8xx.s
   Uses
      At line 104 in file RTE\Device\LPC812M101JD20\startup_LPC8xx.s
      At line 183 in file RTE\Device\LPC812M101JD20\startup_LPC8xx.s

PININT4_IRQHandler 00000010

Symbol: PININT4_IRQHandler
   Definitions
      At line 206 in file RTE\Device\LPC812M101JD20\startup_LPC8xx.s
   Uses
      At line 105 in file RTE\Device\LPC812M101JD20\startup_LPC8xx.s
      At line 184 in file RTE\Device\LPC812M101JD20\startup_LPC8xx.s

PININT5_IRQHandler 00000010

Symbol: PININT5_IRQHandler



ARM Macro Assembler    Page 3 Alphabetic symbol ordering
Relocatable symbols

   Definitions
      At line 207 in file RTE\Device\LPC812M101JD20\startup_LPC8xx.s
   Uses
      At line 106 in file RTE\Device\LPC812M101JD20\startup_LPC8xx.s
      At line 185 in file RTE\Device\LPC812M101JD20\startup_LPC8xx.s

PININT6_IRQHandler 00000010

Symbol: PININT6_IRQHandler
   Definitions
      At line 208 in file RTE\Device\LPC812M101JD20\startup_LPC8xx.s
   Uses
      At line 107 in file RTE\Device\LPC812M101JD20\startup_LPC8xx.s
      At line 186 in file RTE\Device\LPC812M101JD20\startup_LPC8xx.s

PININT7_IRQHandler 00000010

Symbol: PININT7_IRQHandler
   Definitions
      At line 209 in file RTE\Device\LPC812M101JD20\startup_LPC8xx.s
   Uses
      At line 108 in file RTE\Device\LPC812M101JD20\startup_LPC8xx.s
      At line 187 in file RTE\Device\LPC812M101JD20\startup_LPC8xx.s

PendSV_Handler 0000000C

Symbol: PendSV_Handler
   Definitions
      At line 154 in file RTE\Device\LPC812M101JD20\startup_LPC8xx.s
   Uses
      At line 73 in file RTE\Device\LPC812M101JD20\startup_LPC8xx.s
      At line 155 in file RTE\Device\LPC812M101JD20\startup_LPC8xx.s

Reset_Handler 00000000

Symbol: Reset_Handler
   Definitions
      At line 127 in file RTE\Device\LPC812M101JD20\startup_LPC8xx.s
   Uses
      At line 60 in file RTE\Device\LPC812M101JD20\startup_LPC8xx.s
      At line 128 in file RTE\Device\LPC812M101JD20\startup_LPC8xx.s

SCT_IRQHandler 00000010

Symbol: SCT_IRQHandler
   Definitions
      At line 196 in file RTE\Device\LPC812M101JD20\startup_LPC8xx.s
   Uses
      At line 86 in file RTE\Device\LPC812M101JD20\startup_LPC8xx.s
      At line 172 in file RTE\Device\LPC812M101JD20\startup_LPC8xx.s

SPI0_IRQHandler 00000010

Symbol: SPI0_IRQHandler
   Definitions
      At line 190 in file RTE\Device\LPC812M101JD20\startup_LPC8xx.s
   Uses
      At line 77 in file RTE\Device\LPC812M101JD20\startup_LPC8xx.s
      At line 166 in file RTE\Device\LPC812M101JD20\startup_LPC8xx.s



ARM Macro Assembler    Page 4 Alphabetic symbol ordering
Relocatable symbols


SPI1_IRQHandler 00000010

Symbol: SPI1_IRQHandler
   Definitions
      At line 191 in file RTE\Device\LPC812M101JD20\startup_LPC8xx.s
   Uses
      At line 78 in file RTE\Device\LPC812M101JD20\startup_LPC8xx.s
      At line 167 in file RTE\Device\LPC812M101JD20\startup_LPC8xx.s

SVC_Handler 0000000A

Symbol: SVC_Handler
   Definitions
      At line 150 in file RTE\Device\LPC812M101JD20\startup_LPC8xx.s
   Uses
      At line 70 in file RTE\Device\LPC812M101JD20\startup_LPC8xx.s
      At line 151 in file RTE\Device\LPC812M101JD20\startup_LPC8xx.s

SysTick_Handler 0000000E

Symbol: SysTick_Handler
   Definitions
      At line 158 in file RTE\Device\LPC812M101JD20\startup_LPC8xx.s
   Uses
      At line 74 in file RTE\Device\LPC812M101JD20\startup_LPC8xx.s
      At line 159 in file RTE\Device\LPC812M101JD20\startup_LPC8xx.s

UART0_IRQHandler 00000010

Symbol: UART0_IRQHandler
   Definitions
      At line 192 in file RTE\Device\LPC812M101JD20\startup_LPC8xx.s
   Uses
      At line 80 in file RTE\Device\LPC812M101JD20\startup_LPC8xx.s
      At line 168 in file RTE\Device\LPC812M101JD20\startup_LPC8xx.s

UART1_IRQHandler 00000010

Symbol: UART1_IRQHandler
   Definitions
      At line 193 in file RTE\Device\LPC812M101JD20\startup_LPC8xx.s
   Uses
      At line 81 in file RTE\Device\LPC812M101JD20\startup_LPC8xx.s
      At line 169 in file RTE\Device\LPC812M101JD20\startup_LPC8xx.s

UART2_IRQHandler 00000010

Symbol: UART2_IRQHandler
   Definitions
      At line 194 in file RTE\Device\LPC812M101JD20\startup_LPC8xx.s
   Uses
      At line 82 in file RTE\Device\LPC812M101JD20\startup_LPC8xx.s
      At line 170 in file RTE\Device\LPC812M101JD20\startup_LPC8xx.s

WDT_IRQHandler 00000010

Symbol: WDT_IRQHandler
   Definitions



ARM Macro Assembler    Page 5 Alphabetic symbol ordering
Relocatable symbols

      At line 199 in file RTE\Device\LPC812M101JD20\startup_LPC8xx.s
   Uses
      At line 89 in file RTE\Device\LPC812M101JD20\startup_LPC8xx.s
      At line 175 in file RTE\Device\LPC812M101JD20\startup_LPC8xx.s

WKT_IRQHandler 00000010

Symbol: WKT_IRQHandler
   Definitions
      At line 201 in file RTE\Device\LPC812M101JD20\startup_LPC8xx.s
   Uses
      At line 92 in file RTE\Device\LPC812M101JD20\startup_LPC8xx.s
      At line 178 in file RTE\Device\LPC812M101JD20\startup_LPC8xx.s

__user_initial_stackheap 00000014

Symbol: __user_initial_stackheap
   Definitions
      At line 231 in file RTE\Device\LPC812M101JD20\startup_LPC8xx.s
   Uses
      At line 230 in file RTE\Device\LPC812M101JD20\startup_LPC8xx.s
Comment: __user_initial_stackheap used once
29 symbols



ARM Macro Assembler    Page 1 Alphabetic symbol ordering
Absolute symbols

Heap_Size 00000000

Symbol: Heap_Size
   Definitions
      At line 42 in file RTE\Device\LPC812M101JD20\startup_LPC8xx.s
   Uses
      At line 46 in file RTE\Device\LPC812M101JD20\startup_LPC8xx.s
      At line 235 in file RTE\Device\LPC812M101JD20\startup_LPC8xx.s

Stack_Size 00000200

Symbol: Stack_Size
   Definitions
      At line 31 in file RTE\Device\LPC812M101JD20\startup_LPC8xx.s
   Uses
      At line 34 in file RTE\Device\LPC812M101JD20\startup_LPC8xx.s
      At line 234 in file RTE\Device\LPC812M101JD20\startup_LPC8xx.s

2 symbols



ARM Macro Assembler    Page 1 Alphabetic symbol ordering
External symbols

SystemInit 00000000

Symbol: SystemInit
   Definitions
      At line 129 in file RTE\Device\LPC812M101JD20\startup_LPC8xx.s
   Uses
      At line 131 in file RTE\Device\LPC812M101JD20\startup_LPC8xx.s
Comment: SystemInit used once
__main 00000000

Symbol: __main
   Definitions
      At line 130 in file RTE\Device\LPC812M101JD20\startup_LPC8xx.s
   Uses
      At line 133 in file RTE\Device\LPC812M101JD20\startup_LPC8xx.s
Comment: __main used once
__use_two_region_memory 00000000

Symbol: __use_two_region_memory
   Definitions
      At line 229 in file RTE\Device\LPC812M101JD20\startup_LPC8xx.s
   Uses
      None
Comment: __use_two_region_memory unused
3 symbols
384 symbols in table
